A51 MACRO ASSEMBLER  TIMER                                                                03/15/2024 14:49:40 PAGE     1


MACRO ASSEMBLER A51 V8.02
OBJECT MODULE PLACED IN timer.OBJ
ASSEMBLER INVOKED BY: C:\Keil\C51\BIN\A51.EXE timer.a51 SET(SMALL) DEBUG EP

LOC  OBJ            LINE     SOURCE

0000                   1     org 0000h
                       2     
0000                   3     MAIN:
0000 758910            4                     MOV     TMOD,#10h       ; chon Timer 1, che do 1
0003                   5     HERE:   
0003 B295              6                     CPL             P1.5
0005 110A              7                     ACALL   DELAY
0007 80FA              8                     SJMP    HERE            ; nap lai TH, TL
0009 22                9                     RET
                      10     ; tao tre
000A                  11     DELAY: 
000A 758DD8           12                     MOV     TH1, #0D8h
000D 758BF0           13                     MOV     TL1, #0F0h
0010 D28E             14                     SETB    TR1                     ; khoi dong Timer 01
0012 308FFD           15     AGAIN:  JNB     TF1, AGAIN              ; kiem tra co Timer 1
0015 C28E             16                     CLR     TR1                     ; xóa TR1 (dung Timer 1)
0017 C28F             17                     CLR     TF1                     ; xoa TF1
0019 22               18                     RET
                      19     end
A51 MACRO ASSEMBLER  TIMER                                                                03/15/2024 14:49:40 PAGE     2

SYMBOL TABLE LISTING
------ ----- -------


N A M E             T Y P E  V A L U E   ATTRIBUTES

AGAIN. . . . . . .  C ADDR   0012H   A   
DELAY. . . . . . .  C ADDR   000AH   A   
HERE . . . . . . .  C ADDR   0003H   A   
MAIN . . . . . . .  C ADDR   0000H   A   
P1 . . . . . . . .  D ADDR   0090H   A   
TF1. . . . . . . .  B ADDR   0088H.7 A   
TH1. . . . . . . .  D ADDR   008DH   A   
TL1. . . . . . . .  D ADDR   008BH   A   
TMOD . . . . . . .  D ADDR   0089H   A   
TR1. . . . . . . .  B ADDR   0088H.6 A   


REGISTER BANK(S) USED: 0 


ASSEMBLY COMPLETE.  0 WARNING(S), 0 ERROR(S)
