A51 MACRO ASSEMBLER  TIMER                                                                03/17/2024 22:15:35 PAGE     1


MACRO ASSEMBLER A51 V8.02
OBJECT MODULE PLACED IN timer.OBJ
ASSEMBLER INVOKED BY: C:\Keil\C51\BIN\A51.EXE timer.a51 SET(SMALL) DEBUG EP

LOC  OBJ            LINE     SOURCE

0000                   1     org 0000h
                       2     
0000                   3     MAIN:
0000 758920            4                     MOV     TMOD,#20h       ; chon Timer 1, che do 2
0003 758D83            5                     MOV     TH1, #83h
0006                   6     HERE:   
0006 B291              7                     CPL             P1.1
0008 110D              8                     ACALL   DELAY
000A 80FA              9                     SJMP    HERE            ; nap lai TH, TL
000C 22               10                     RET
                      11     ; tao tre
000D                  12     DELAY: 
000D 7804             13                     MOV             R0, #4
000F D28E             14                     SETB    TR1                     ; khoi dong Timer 01
0011 308FFD           15     AGAIN:  JNB     TF1, AGAIN              ; kiem tra co Timer 1
0014 C28F             16                     CLR     TF1                     ; xoa TF1
0016 B290             17                     CPL             P1.0
0018 D8F7             18                     DJNZ    R0,     AGAIN
001A C28E             19                     CLR     TR1
001C 22               20                     RET
                      21     end
A51 MACRO ASSEMBLER  TIMER                                                                03/17/2024 22:15:35 PAGE     2

SYMBOL TABLE LISTING
------ ----- -------


N A M E             T Y P E  V A L U E   ATTRIBUTES

AGAIN. . . . . . .  C ADDR   0011H   A   
DELAY. . . . . . .  C ADDR   000DH   A   
HERE . . . . . . .  C ADDR   0006H   A   
MAIN . . . . . . .  C ADDR   0000H   A   
P1 . . . . . . . .  D ADDR   0090H   A   
TF1. . . . . . . .  B ADDR   0088H.7 A   
TH1. . . . . . . .  D ADDR   008DH   A   
TMOD . . . . . . .  D ADDR   0089H   A   
TR1. . . . . . . .  B ADDR   0088H.6 A   


REGISTER BANK(S) USED: 0 


ASSEMBLY COMPLETE.  0 WARNING(S), 0 ERROR(S)
